<?xml version="1.0" encoding="UTF-8"?>
<!-- Generated by org.testng.reporters.JUnitReportReporter -->
<testsuite skipped="0" hostname="DESKTOP-8SE8GSP" name="com.insightly.qa.testcases.LoginPageTest" tests="1" failures="0" timestamp="17 Apr 2020 11:36:54 GMT" time="37.401" errors="0">
  <testcase name="insigtlyLogin" time="37.401" classname="com.insightly.qa.testcases.LoginPageTest"/>
</testsuite> <!-- com.insightly.qa.testcases.LoginPageTest -->
