<?xml version="1.0" encoding="UTF-8"?>
<!-- Generated by org.testng.reporters.JUnitReportReporter -->
<testsuite skipped="0" hostname="DESKTOP-8SE8GSP" name="com.insightly.qa.testcases.Testing" tests="1" failures="0" timestamp="2020-04-09T22:46:46 IST" time="16.203" errors="0">
  <testcase name="getTitleOfPage" time="16.203" classname="com.insightly.qa.testcases.Testing"/>
</testsuite> <!-- com.insightly.qa.testcases.Testing -->
