<?xml version="1.0" encoding="UTF-8"?>
<!-- Generated by org.testng.reporters.JUnitReportReporter -->
<testsuite skipped="0" hostname="DESKTOP-8SE8GSP" name="com.insightly.qa.testcases.WelcomePageTest" tests="1" failures="0" timestamp="19 Apr 2020 12:02:06 GMT" time="13.353" errors="0">
  <testcase name="welcomePageTitle" time="13.353" classname="com.insightly.qa.testcases.WelcomePageTest"/>
</testsuite> <!-- com.insightly.qa.testcases.WelcomePageTest -->
