<?xml version="1.0" encoding="UTF-8"?>
<!-- Generated by org.testng.reporters.JUnitReportReporter -->
<testsuite skipped="0" hostname="DESKTOP-8SE8GSP" name="com.insightly.qa.testcases.ContactsPageTest" tests="6" failures="0" timestamp="16 Apr 2020 18:20:21 GMT" time="336.813" errors="0">
  <testcase name="createNewContact" time="54.551" classname="com.insightly.qa.testcases.ContactsPageTest"/>
  <testcase name="createNewContact" time="57.020" classname="com.insightly.qa.testcases.ContactsPageTest"/>
  <testcase name="createNewContact" time="51.670" classname="com.insightly.qa.testcases.ContactsPageTest"/>
  <testcase name="createNewContact" time="58.708" classname="com.insightly.qa.testcases.ContactsPageTest"/>
  <testcase name="createNewContact" time="55.613" classname="com.insightly.qa.testcases.ContactsPageTest"/>
  <testcase name="createNewContact" time="59.251" classname="com.insightly.qa.testcases.ContactsPageTest"/>
</testsuite> <!-- com.insightly.qa.testcases.ContactsPageTest -->
